<?xml version="1.0" encoding="UTF-8"?>
<testsuite name="com.booking.controller.BookingControllerTest" time="0.197" tests="2" errors="0" skipped="0" failures="1">
  <properties>
[...]
</properties>
  <testcase name="viewLowestPricedHotelsTest" classname="com.booking.controller.BookingControllerTest" time="0.02"/>
  <testcase name="getHealthCheck" classname="com.booking.controller.BookingControllerTest" time="0.177">
    <failure message="Response content&#10;Expected: &quot;Hotel Booking Spring Boot App is Up and Running!&quot;&#10;     but: was &quot;&quot;" type="java.lang.AssertionError">java.lang.AssertionError: Response content
Expected: "Hotel Booking Spring Boot App is Up and Running!"
     but: was ""
	at org.hamcrest.MatcherAssert.assertThat(MatcherAssert.java:20)
	at org.springframework.test.web.servlet.result.ContentResultMatchers$4.match(ContentResultMatchers.java:137)
	at org.springframework.test.web.servlet.MockMvc$1.andExpect(MockMvc.java:171)
	at com.booking.controller.BookingControllerTest.getHealthCheck(BookingControllerTest.java:43)
</failure>
    <system-out><![CDATA[
MockHttpServletRequest:
      HTTP Method = GET
      Request URI = /healthcheck
       Parameters = {}
          Headers = {Accept=[application/json]}

Handler:
             Type = com.booking.controller.BookingController
           Method = public java.lang.String com.booking.controller.BookingController.healthCheck()

Async:
    Async started = false
     Async result = null

Resolved Exception:
             Type = null

ModelAndView:
        View name = Hotel Booking Spring Boot App is Up and Running!
             View = null
            Model = null

FlashMap:
       Attributes = null

MockHttpServletResponse:
           Status = 200
    Error message = null
          Headers = {X-Application-Context=[application:-1]}
     Content type = null
             Body = 
    Forwarded URL = /WEB-INF/jsp/Hotel Booking Spring Boot App is Up and Running!.jsp
   Redirected URL = null
          Cookies = []
]]></system-out>
  </testcase>
</testsuite>